<?xml version="1.0" encoding="UTF-8"?>
<!-- Generated by org.testng.reporters.JUnitReportReporter -->
<testsuite ignored="0" hostname="LAPTOP-GBE1Q9P0" failures="0" tests="1" name="com.goodreads.qa.test.LoginPageTest" time="87.394" errors="0" timestamp="28 May 2020 08:32:23 GMT" skipped="0">
  <testcase classname="com.goodreads.qa.test.LoginPageTest" name="loginPageTitleTest" time="87.394"/>
</testsuite> <!-- com.goodreads.qa.test.LoginPageTest -->
