<?xml version="1.0" encoding="UTF-8"?>
<!-- Generated by org.testng.reporters.JUnitReportReporter -->
<testsuite ignored="0" hostname="LAPTOP-GBE1Q9P0" failures="0" tests="2" name="com.goodreads.qa.test.LoginPageTest" time="72.576" errors="0" timestamp="26 May 2020 22:29:09 GMT" skipped="0">
  <testcase classname="com.goodreads.qa.test.LoginPageTest" name="loginPageTitleTest" time="54.373"/>
  <testcase classname="com.goodreads.qa.test.LoginPageTest" name="loginTest" time="18.203"/>
</testsuite> <!-- com.goodreads.qa.test.LoginPageTest -->
